<?xml version="1.0" encoding="UTF-8"?>
<!-- Generated by org.testng.reporters.JUnitReportReporter -->
<testsuite hostname="DESKTOP-6894EN5" failures="0" tests="2" name="parallel.testing.parallel_test" time="50.265" errors="0" timestamp="13 Nov 2022 15:37:39 GMT">
  <testcase classname="parallel.testing.parallel_test" name="test" time="27.774"/>
  <testcase classname="parallel.testing.parallel_test" name="test" time="22.491"/>
</testsuite> <!-- parallel.testing.parallel_test -->
